<?xml version="1.0" encoding="UTF-8"?>
<!-- Generated by org.testng.reporters.JUnitReportReporter -->
<testsuite skipped="0" hostname="DESKTOP-5OSSNT7" name="testcases.ManageExpensePage" tests="1" failures="0" timestamp="2022-11-13T03:13:16 GMT-09:00" time="21.858" errors="0">
  <testcase name="imageuputilities" time="21.858" classname="testcases.ManageExpensePage"/>
  <system-out/>
</testsuite> <!-- testcases.ManageExpensePage -->
