<?xml version="1.0" encoding="UTF-8"?>
<!-- Generated by org.testng.reporters.JUnitReportReporter -->
<testsuite skipped="0" hostname="DESKTOP-5OSSNT7" name="testcases.ManageordersPage" tests="1" failures="0" timestamp="2022-11-02T01:37:52 IST" time="13.388" errors="0">
  <testcase name="listcompare" time="13.388" classname="testcases.ManageordersPage"/>
  <system-out/>
</testsuite> <!-- testcases.ManageordersPage -->
