<?xml version="1.0" encoding="UTF-8"?>
<!-- Generated by org.testng.reporters.JUnitReportReporter -->
<testsuite skipped="0" hostname="DESKTOP-5OSSNT7" name="testcases.ManageExpensePage" tests="1" failures="0" timestamp="2022-11-01T20:47:53 IST" time="27.392" errors="0">
  <testcase name="imageHandling" time="27.392" classname="testcases.ManageExpensePage"/>
  <system-out/>
</testsuite> <!-- testcases.ManageExpensePage -->
