<?xml version="1.0" encoding="UTF-8"?>
<!-- Generated by org.testng.reporters.JUnitReportReporter -->
<testsuite skipped="0" hostname="DESKTOP-5OSSNT7" name="testcases.ManageLocationPage" tests="1" failures="0" timestamp="2022-11-01T23:40:30 IST" time="15.442" errors="0">
  <testcase name="manageState" time="15.442" classname="testcases.ManageLocationPage"/>
  <system-out/>
</testsuite> <!-- testcases.ManageLocationPage -->
